<?xml version="1.0" encoding="UTF-8"?>
<!-- Generated by org.testng.reporters.JUnitReportReporter -->
<testsuite hostname="K589LTRV" failures="0" tests="5" name="APITestcase.BooksTests" time="7.896" errors="0" timestamp="2024-05-02T10:05:49 IST" skipped="0">
  <testcase classname="APITestcase.BooksTests" name="testPostuser" time="2.942"/>
  <testcase classname="APITestcase.BooksTests" name="testGetuser" time="0.721"/>
  <testcase classname="APITestcase.BooksTests" name="testUpdateuser" time="0.810"/>
  <testcase classname="APITestcase.BooksTests" name="testDeleteUser" time="1.238"/>
  <testcase classname="APITestcase.BooksTests" name="schemavalidation" time="2.185"/>
</testsuite> <!-- APITestcase.BooksTests -->
