<?xml version="1.0" encoding="UTF-8"?>
<!-- Generated by org.testng.reporters.JUnitReportReporter -->
<testsuite hostname="K548LTRV" failures="0" tests="4" name="APITestcase.DatadrivenTest" time="4.987" errors="0" timestamp="2024-05-02T15:58:17 IST" skipped="0">
  <testcase classname="APITestcase.DatadrivenTest" name="testPostuser" time="0.619"/>
  <testcase classname="APITestcase.DatadrivenTest" name="testPostuser" time="0.630"/>
  <testcase classname="APITestcase.DatadrivenTest" name="testPostuser" time="3.105"/>
  <testcase classname="APITestcase.DatadrivenTest" name="testPostuser" time="0.633"/>
</testsuite> <!-- APITestcase.DatadrivenTest -->
