<?xml version="1.0" encoding="UTF-8"?>
<!-- Generated by org.testng.reporters.JUnitReportReporter -->
<testsuite hostname="K548LTRV" failures="0" tests="5" name="ApiTestcases.UserTest" time="6.142" errors="0" timestamp="2024-05-02T14:22:50 IST" skipped="0">
  <testcase classname="ApiTestcases.UserTest" name="deleteUserTest" time="0.492"/>
  <testcase classname="ApiTestcases.UserTest" name="createUserTest" time="3.715"/>
  <testcase classname="ApiTestcases.UserTest" name="updateUserTest" time="0.752"/>
  <testcase classname="ApiTestcases.UserTest" name="getSingleUserByUsernameTest" time="0.577"/>
  <testcase classname="ApiTestcases.UserTest" name="getSingleUserByLoginTest" time="0.606"/>
</testsuite> <!-- ApiTestcases.UserTest -->
