<?xml version="1.0" encoding="UTF-8"?>
<!-- Generated by org.testng.reporters.JUnitReportReporter -->
<testsuite hostname="K548LTRV" failures="0" tests="1" name="demoTests.PlaywrightDemos" time="96.515" errors="0" timestamp="2024-05-29T12:56:29 IST" skipped="0">
  <testcase classname="demoTests.PlaywrightDemos" name="testChrome" time="96.515"/>
</testsuite> <!-- demoTests.PlaywrightDemos -->
