<?xml version="1.0" encoding="UTF-8"?>
<!-- Generated by org.testng.reporters.JUnitReportReporter -->
<testsuite hostname="K548LTRV" failures="0" tests="1" name="com.ust.runner.TestRunner_Cart" time="37.703" errors="0" timestamp="2024-05-07T20:52:20 IST" skipped="0">
  <testcase classname="com.ust.runner.TestRunner_Cart" name="runScenario" time="37.703"/>
</testsuite> <!-- com.ust.runner.TestRunner_Cart -->
