<?xml version="1.0" encoding="UTF-8"?>
<!-- Generated by org.testng.reporters.JUnitReportReporter -->
<testsuite hostname="K548LTRV" failures="0" tests="6" name="com.ust.runner.TestRunner1" time="174.838" errors="0" timestamp="2024-05-09T14:54:48 IST" skipped="0">
  <testcase classname="com.ust.runner.TestRunner1" name="runScenario" time="21.264"/>
  <testcase classname="com.ust.runner.TestRunner1" name="runScenario" time="15.574"/>
  <testcase classname="com.ust.runner.TestRunner1" name="runScenario" time="22.121"/>
  <testcase classname="com.ust.runner.TestRunner1" name="runScenario" time="15.488"/>
  <testcase classname="com.ust.runner.TestRunner1" name="runScenario" time="47.418"/>
  <testcase classname="com.ust.runner.TestRunner1" name="runScenario" time="52.973"/>
</testsuite> <!-- com.ust.runner.TestRunner1 -->
