<?xml version="1.0" encoding="UTF-8"?>
<!-- Generated by org.testng.reporters.JUnitReportReporter -->
<testsuite hostname="K548LTRV" failures="0" tests="4" name="com.ust.test.CheckoutTest" time="26.382" errors="0" timestamp="2024-05-08T11:51:47 IST" skipped="0">
  <testcase classname="com.ust.test.CheckoutTest" name="homeTest" time="3.543"/>
  <testcase classname="com.ust.test.CheckoutTest" name="bagTest" time="8.662"/>
  <testcase classname="com.ust.test.CheckoutTest" name="checkoutTest" time="3.042"/>
  <testcase classname="com.ust.test.CheckoutTest" name="checkouting" time="11.135"/>
</testsuite> <!-- com.ust.test.CheckoutTest -->
