<?xml version="1.0" encoding="UTF-8"?>
<!-- Generated by org.testng.reporters.JUnitReportReporter -->
<testsuite hostname="K548LTRV" failures="0" tests="2" name="com.ust.test.Sign_OutTest" time="3.720" errors="0" timestamp="2024-05-07T21:35:13 IST" skipped="0">
  <testcase classname="com.ust.test.Sign_OutTest" name="signingoutTest" time="3.324"/>
  <testcase classname="com.ust.test.Sign_OutTest" name="sign_out_messagetest" time="0.396"/>
</testsuite> <!-- com.ust.test.Sign_OutTest -->
