<?xml version="1.0" encoding="UTF-8"?>
<!-- Generated by org.testng.reporters.JUnitReportReporter -->
<testsuite hostname="K548LTRV" failures="0" tests="2" name="com.ust.runner.TestRunner_Search" time="35.551" errors="0" timestamp="2024-05-08T12:05:22 IST" skipped="0">
  <testcase classname="com.ust.runner.TestRunner_Search" name="runScenario" time="19.496"/>
  <testcase classname="com.ust.runner.TestRunner_Search" name="runScenario" time="16.055"/>
</testsuite> <!-- com.ust.runner.TestRunner_Search -->
