<?xml version="1.0" encoding="UTF-8"?>
<!-- Generated by org.testng.reporters.JUnitReportReporter -->
<testsuite hostname="K548LTRV" failures="0" tests="1" name="com.ust.test.LoginTest" time="41.725" errors="0" timestamp="2024-05-04T09:16:54 IST" skipped="0">
  <testcase classname="com.ust.test.LoginTest" name="checkout" time="41.725"/>
</testsuite> <!-- com.ust.test.LoginTest -->
