<?xml version="1.0" encoding="UTF-8"?>
<!-- Generated by org.testng.reporters.JUnitReportReporter -->
<testsuite hostname="K548LTRV" failures="0" tests="10" name="com.ust.test.AccountTest" time="85.951" errors="0" timestamp="2024-05-09T11:42:35 IST" skipped="0">
  <testcase classname="com.ust.test.AccountTest" name="account_dashboard" time="4.419"/>
  <testcase classname="com.ust.test.AccountTest" name="edit_info" time="7.472"/>
  <testcase classname="com.ust.test.AccountTest" name="address" time="9.955"/>
  <testcase classname="com.ust.test.AccountTest" name="adding_new_address" time="3.208"/>
  <testcase classname="com.ust.test.AccountTest" name="adding_new_address" time="3.108"/>
  <testcase classname="com.ust.test.AccountTest" name="saving_the_address" time="7.032"/>
  <testcase classname="com.ust.test.AccountTest" name="order" time="5.968"/>
  <testcase classname="com.ust.test.AccountTest" name="wishlist" time="9.227"/>
  <testcase classname="com.ust.test.AccountTest" name="newsletter" time="15.895"/>
  <testcase classname="com.ust.test.AccountTest" name="newPassword" time="19.667"/>
</testsuite> <!-- com.ust.test.AccountTest -->
