<?xml version="1.0" encoding="UTF-8"?>
<!-- Generated by org.testng.reporters.JUnitReportReporter -->
<testsuite hostname="K548LTRV" failures="0" tests="6" name="runner.TestRunner" time="181.670" errors="0" timestamp="2024-05-07T11:44:03 IST" skipped="0">
  <testcase classname="runner.TestRunner" name="runScenario" time="55.068"/>
  <testcase classname="runner.TestRunner" name="runScenario" time="16.922"/>
  <testcase classname="runner.TestRunner" name="runScenario" time="17.330"/>
  <testcase classname="runner.TestRunner" name="runScenario" time="23.750"/>
  <testcase classname="runner.TestRunner" name="runScenario" time="46.875"/>
  <testcase classname="runner.TestRunner" name="runScenario" time="21.725"/>
</testsuite> <!-- runner.TestRunner -->
