<?xml version="1.0" encoding="UTF-8"?>
<!-- Generated by org.testng.reporters.JUnitReportReporter -->
<testsuite hostname="K548LTRV" failures="0" tests="1" name="com.ust.base.BaseTest" time="14.932" errors="0" timestamp="2024-04-25T11:38:07 IST" skipped="0">
  <testcase classname="com.ust.base.BaseTest" name="start" time="14.932"/>
</testsuite> <!-- com.ust.base.BaseTest -->
