<?xml version="1.0" encoding="UTF-8"?>
<!-- Generated by org.testng.reporters.JUnitReportReporter -->
<testsuite hostname="K603LTRV" failures="0" tests="1" name="com.ust.test.Home_Test" time="13.844" errors="0" timestamp="2024-04-23T12:12:16 IST" skipped="0">
  <testcase classname="com.ust.test.Home_Test" name="checkTitle" time="13.844"/>
  <system-out/>
</testsuite> <!-- com.ust.test.Home_Test -->
