<?xml version="1.0" encoding="UTF-8"?>
<!-- Generated by org.testng.reporters.JUnitReportReporter -->
<testsuite hostname="K603LTRV" failures="0" tests="1" name="com.example.UserTests" time="2.723" errors="0" timestamp="2024-04-24T14:28:18 IST" skipped="0">
  <testcase classname="com.example.UserTests" name="schemavalidation" time="2.723"/>
  <system-out/>
</testsuite> <!-- com.example.UserTests -->
