<?xml version="1.0" encoding="UTF-8"?>
<!-- Generated by org.testng.reporters.JUnitReportReporter -->
<testsuite hostname="K548LTRV" failures="0" tests="1" name="com.runner.TestRunner" time="6.267" errors="0" timestamp="2024-05-08T16:59:32 IST" skipped="0">
  <testcase classname="com.runner.TestRunner" name="runScenario" time="6.267"/>
</testsuite> <!-- com.runner.TestRunner -->
