<?xml version="1.0" encoding="UTF-8"?>
<!-- Generated by org.testng.reporters.JUnitReportReporter -->
<testsuite hostname="K548LTRV" failures="0" tests="5" name="com.workflow.RegisterTest" time="3.318" errors="0" timestamp="2024-05-08T16:55:29 IST" skipped="0">
  <testcase classname="com.workflow.RegisterTest" name="signingIn" time="0.624"/>
  <testcase classname="com.workflow.RegisterTest" name="userInformation" time="0.203"/>
  <testcase classname="com.workflow.RegisterTest" name="addingaccountdetails" time="0.601"/>
  <testcase classname="com.workflow.RegisterTest" name="profileinformation" time="0.753"/>
  <testcase classname="com.workflow.RegisterTest" name="login" time="1.137"/>
</testsuite> <!-- com.workflow.RegisterTest -->
