<?xml version="1.0" encoding="UTF-8"?>
<!-- Generated by org.testng.reporters.JUnitReportReporter -->
<testsuite hostname="K548LTRV" failures="0" tests="6" name="apiTestCases.UserTest" time="9.240" errors="0" timestamp="2024-05-14T14:45:04 IST" skipped="0">
  <testcase classname="apiTestCases.UserTest" name="testGetAllbook" time="4.321"/>
  <testcase classname="apiTestCases.UserTest" name="testPostbook" time="0.667"/>
  <testcase classname="apiTestCases.UserTest" name="testputbook" time="0.858"/>
  <testcase classname="apiTestCases.UserTest" name="testdeletebook" time="0.882"/>
  <testcase classname="apiTestCases.UserTest" name="testgetbyidbook" time="0.953"/>
  <testcase classname="apiTestCases.UserTest" name="schemavalidation" time="1.559"/>
</testsuite> <!-- apiTestCases.UserTest -->
