<?xml version="1.0" encoding="UTF-8"?>
<!-- Generated by org.testng.reporters.JUnitReportReporter -->
<testsuite hostname="K548LTRV" failures="0" tests="1" name="apiTestCases.BookTest" time="8.955" errors="0" timestamp="2024-06-04T09:43:46 IST" skipped="0">
  <testcase classname="apiTestCases.BookTest" name="testSchemaValidation" time="8.955"/>
</testsuite> <!-- apiTestCases.BookTest -->
