<?xml version="1.0" encoding="UTF-8"?>
<!-- Generated by org.testng.reporters.JUnitReportReporter -->
<testsuite hostname="K548LTRV" failures="0" tests="2" name="apiTestCases.DatadrivenTest" time="4.129" errors="0" timestamp="2024-05-14T14:41:43 IST" skipped="0">
  <testcase classname="apiTestCases.DatadrivenTest" name="testPostuser" time="0.726"/>
  <testcase classname="apiTestCases.DatadrivenTest" name="testPostuser" time="3.403"/>
</testsuite> <!-- apiTestCases.DatadrivenTest -->
