<?xml version="1.0" encoding="UTF-8"?>
<!-- Generated by org.testng.reporters.JUnitReportReporter -->
<testsuite hostname="K548LTRV" failures="0" tests="1" name="apiTestCases.TrialTest" time="4.595" errors="0" timestamp="2024-05-15T14:45:12 IST" skipped="0">
  <testcase classname="apiTestCases.TrialTest" name="test1" time="4.595"/>
</testsuite> <!-- apiTestCases.TrialTest -->
