<?xml version="1.0" encoding="UTF-8"?>
<!-- Generated by org.testng.reporters.JUnitReportReporter -->
<testsuite hostname="K548LTRV" failures="0" tests="7" name="ust.com.apiTestcase.BookTest" time="22.798" errors="0" timestamp="2024-06-04T12:01:27 IST" skipped="0">
  <testcase classname="ust.com.apiTestcase.BookTest" name="testGetAllbook" time="5.492"/>
  <testcase classname="ust.com.apiTestcase.BookTest" name="testPostbook" time="1.166"/>
  <testcase classname="ust.com.apiTestcase.BookTest" name="testputbook" time="1.074"/>
  <testcase classname="ust.com.apiTestcase.BookTest" name="testdeletebook" time="2.106"/>
  <testcase classname="ust.com.apiTestcase.BookTest" name="testgetbyidbook" time="1.095"/>
  <testcase classname="ust.com.apiTestcase.BookTest" name="schemavalidation" time="2.078"/>
  <testcase classname="ust.com.apiTestcase.BookTest" name="testSchemaValidation" time="9.787"/>
</testsuite> <!-- ust.com.apiTestcase.BookTest -->
