<?xml version="1.0" encoding="UTF-8"?>
<!-- Generated by org.testng.reporters.JUnitReportReporter -->
<testsuite hostname="K548LTRV" failures="0" tests="2" name="workflow.Guru99_Test" time="21.566" errors="0" timestamp="2024-04-16T11:46:07 IST" skipped="0">
  <testcase classname="workflow.Guru99_Test" name="telecom_project_page" time="7.904"/>
  <testcase classname="workflow.Guru99_Test" name="add_Customer" time="13.662"/>
</testsuite> <!-- workflow.Guru99_Test -->
