<?xml version="1.0" encoding="UTF-8"?>
<!-- Generated by org.testng.reporters.JUnitReportReporter -->
<testsuite hostname="K463LTRV" failures="0" tests="4" name="tests.ClockAppTest" time="52.611" errors="0" timestamp="2024-05-30T15:37:29 IST" skipped="0">
  <testcase classname="tests.ClockAppTest" name="plusIconTest" time="7.796"/>
  <testcase classname="tests.ClockAppTest" name="regularAlarmTest" time="12.568"/>
  <testcase classname="tests.ClockAppTest" name="timerTest" time="23.385"/>
  <testcase classname="tests.ClockAppTest" name="deleteTimerTest" time="8.862"/>
</testsuite> <!-- tests.ClockAppTest -->
