<?xml version="1.0" encoding="UTF-8"?>
<!-- Generated by org.testng.reporters.JUnitReportReporter -->
<testsuite hostname="K589LTRV" failures="0" tests="4" name="APITestcase.DatadrivenTest" time="6.051" errors="0" timestamp="2024-05-01T22:04:26 IST" skipped="0">
  <testcase classname="APITestcase.DatadrivenTest" name="testPostuser" time="3.516"/>
  <testcase classname="APITestcase.DatadrivenTest" name="testPostuser" time="0.817"/>
  <testcase classname="APITestcase.DatadrivenTest" name="testPostuser" time="0.908"/>
  <testcase classname="APITestcase.DatadrivenTest" name="testPostuser" time="0.810"/>
</testsuite> <!-- APITestcase.DatadrivenTest -->
