<?xml version="1.0" encoding="UTF-8"?>
<!-- Generated by org.testng.reporters.JUnitReportReporter -->
<testsuite hostname="K548LTRV" failures="0" tests="1" name="com.ust.testrunner.TestRunner" time="44.718" errors="0" timestamp="2024-06-11T11:53:47 IST" skipped="0">
  <testcase classname="com.ust.testrunner.TestRunner" name="runScenario" time="44.718"/>
</testsuite> <!-- com.ust.testrunner.TestRunner -->
