<?xml version="1.0" encoding="UTF-8"?>
<!-- Generated by org.testng.reporters.JUnitReportReporter -->
<testsuite hostname="K548LTRV" failures="0" tests="1" name="UST.UiFoundationTest.tests.CheckoutTest" time="0.009" errors="0" timestamp="2024-06-05T13:31:10 IST" skipped="0">
  <testcase classname="UST.UiFoundationTest.tests.CheckoutTest" name="start" time="0.009"/>
</testsuite> <!-- UST.UiFoundationTest.tests.CheckoutTest -->
