<?xml version="1.0" encoding="UTF-8"?>
<!-- Generated by org.testng.reporters.JUnitReportReporter -->
<testsuite hostname="K548LTRV" failures="0" tests="4" name="ust.test.ApptimerTest" time="16.355" errors="0" timestamp="2024-05-27T17:40:07 IST" skipped="0">
  <testcase classname="ust.test.ApptimerTest" name="starttest" time="3.118"/>
  <system-out/>
  <testcase classname="ust.test.ApptimerTest" name="appTest" time="8.271"/>
  <system-out/>
  <testcase classname="ust.test.ApptimerTest" name="generalstoreTest" time="2.611"/>
  <system-out/>
  <testcase classname="ust.test.ApptimerTest" name="timerTest" time="2.355"/>
  <system-out/>
</testsuite> <!-- ust.test.ApptimerTest -->
