<?xml version="1.0" encoding="UTF-8"?>
<!-- Generated by org.testng.reporters.JUnitReportReporter -->
<testsuite hostname="K548LTRV" failures="0" tests="2" name="runner.SearchTestRunner" time="51.050" errors="2" timestamp="2024-06-18T10:41:13 IST" skipped="0">
  <testcase classname="runner.SearchTestRunner" name="runScenario" time="21.923">
    <error message="Cannot invoke &quot;com.aventstack.extentreports.ExtentReports.flush()&quot; because &quot;this.extent&quot; is null" type="java.lang.NullPointerException">
      <![CDATA[java.lang.NullPointerException: Cannot invoke "com.aventstack.extentreports.ExtentReports.flush()" because "this.extent" is null
at step_definitions.Hooks.closeBrowser(Hooks.java:54)
]]>
    </error>
  </testcase> <!-- runScenario -->
  <testcase classname="runner.SearchTestRunner" name="runScenario" time="29.127">
    <error message="Cannot invoke &quot;com.aventstack.extentreports.ExtentReports.flush()&quot; because &quot;this.extent&quot; is null" type="java.lang.NullPointerException">
      <![CDATA[java.lang.NullPointerException: Cannot invoke "com.aventstack.extentreports.ExtentReports.flush()" because "this.extent" is null
at step_definitions.Hooks.closeBrowser(Hooks.java:54)
]]>
    </error>
  </testcase> <!-- runScenario -->
</testsuite> <!-- runner.SearchTestRunner -->
