<?xml version="1.0" encoding="UTF-8"?>
<!-- Generated by org.testng.reporters.JUnitReportReporter -->
<testsuite hostname="K548LTRV" failures="0" tests="3" name="workflow.XYZTest" time="3.810" errors="0" timestamp="2024-04-18T10:14:48 IST" skipped="0">
  <testcase classname="workflow.XYZTest" name="bankManager" time="1.904"/>
  <testcase classname="workflow.XYZTest" name="addingdetails" time="0.526"/>
  <testcase classname="workflow.XYZTest" name="opening_Account" time="1.380"/>
</testsuite> <!-- workflow.XYZTest -->
