<?xml version="1.0" encoding="UTF-8"?>
<!-- Generated by org.testng.reporters.JUnitReportReporter -->
<testsuite hostname="K548LTRV" failures="0" tests="1" name="runner.TestRunner" time="33.895" errors="0" timestamp="2024-06-14T09:43:06 IST" skipped="0">
  <testcase classname="runner.TestRunner" name="runScenario" time="33.895"/>
</testsuite> <!-- runner.TestRunner -->
