<?xml version="1.0" encoding="UTF-8"?>
<!-- Generated by org.testng.reporters.JUnitReportReporter -->
<testsuite hostname="K548LTRV" failures="0" tests="3" name="ust.GeneralStore.testContacts" time="31.112" errors="0" timestamp="2024-06-14T09:32:13 IST" skipped="0">
  <testcase classname="ust.GeneralStore.testContacts" name="testCreateContact" time="20.046"/>
  <testcase classname="ust.GeneralStore.testContacts" name="testEditContact" time="6.275"/>
  <testcase classname="ust.GeneralStore.testContacts" name="deleteTest" time="4.791"/>
</testsuite> <!-- ust.GeneralStore.testContacts -->
