<?xml version="1.0" encoding="UTF-8"?>
<!-- Generated by org.testng.reporters.JUnitReportReporter -->
<testsuite hostname="K603LTRV" failures="0" tests="3" name="com.example.TestCase" time="0.007" errors="0" timestamp="2024-04-24T13:54:30 IST" skipped="0">
  <testcase classname="com.example.TestCase" name="testPostUser" time="0.001"/>
  <system-out/>
  <testcase classname="com.example.TestCase" name="testPostUser" time="0.005"/>
  <system-out/>
  <testcase classname="com.example.TestCase" name="testPostUser" time="0.001"/>
  <system-out/>
</testsuite> <!-- com.example.TestCase -->
