<?xml version="1.0" encoding="UTF-8"?>
<!-- Generated by org.testng.reporters.JUnitReportReporter -->
<testsuite hostname="K548LTRV" failures="0" tests="4" name="workflow.ContactTest" time="28.046" errors="0" timestamp="2024-05-23T12:45:59 IST" skipped="0">
  <testcase classname="workflow.ContactTest" name="startTest" time="12.483"/>
  <system-out/>
  <testcase classname="workflow.ContactTest" name="newcontactTest" time="9.156"/>
  <system-out/>
  <testcase classname="workflow.ContactTest" name="contactcheckTest" time="2.263"/>
  <system-out/>
  <testcase classname="workflow.ContactTest" name="editcontactTest" time="4.144"/>
  <system-out/>
</testsuite> <!-- workflow.ContactTest -->
